<?xml version="1.0" encoding="UTF-8"?>
<testng-results ignored="0" total="1" passed="1" failed="0" skipped="0">
  <reporter-output>
  </reporter-output>
  <suite started-at="2024-10-12T19:03:28 IST" name="Default suite" finished-at="2024-10-12T19:03:30 IST" duration-ms="2372">
    <groups>
    </groups>
    <test started-at="2024-10-12T19:03:28 IST" name="Default test" finished-at="2024-10-12T19:03:30 IST" duration-ms="2372">
      <class name="TodoTestCase">
        <test-method signature="testFanCodeUserTaskCompletion()[pri:0, instance:TodoTestCase@4d0f2471]" started-at="2024-10-12T19:03:28 IST" name="testFanCodeUserTaskCompletion" finished-at="2024-10-12T19:03:30 IST" duration-ms="2332" status="PASS">
          <reporter-output>
          </reporter-output>
        </test-method> <!-- testFanCodeUserTaskCompletion -->
      </class> <!-- TodoTestCase -->
    </test> <!-- Default test -->
  </suite> <!-- Default suite -->
</testng-results>
